2025-04-30 05:06:30:630 [31merror[39m: [31mMaxRetriesPerRequestError: Reached the max retries per request limit (which is 20). Refer to "maxRetriesPerRequest" option for details.: Uncaught Exception:[39m
2025-04-30 05:09:08:98 [31merror[39m: [31mMaxRetriesPerRequestError: Reached the max retries per request limit (which is 20). Refer to "maxRetriesPerRequest" option for details.: Uncaught Exception:[39m
2025-04-30 05:11:36:1136 [31merror[39m: [31mMaxRetriesPerRequestError: Reached the max retries per request limit (which is 20). Refer to "maxRetriesPerRequest" option for details.: Uncaught Exception:[39m
2025-04-30 05:18:19:1819 [31merror[39m: [31mMaxRetriesPerRequestError: Reached the max retries per request limit (which is 20). Refer to "maxRetriesPerRequest" option for details.: Uncaught Exception:[39m
2025-05-02 02:42:04:424 [31merror[39m: [31mGET /api/csrf-token: TypeError: generateCsrfToken is not a function[39m
[31m    at file:///D:/FINAL/src/server.js:59:23[39m
[31m    at Layer.handle [as handle_request] (D:\FINAL\node_modules\express\lib\router\layer.js:95:5)[39m
[31m    at next (D:\FINAL\node_modules\express\lib\router\route.js:149:13)[39m
[31m    at Route.dispatch (D:\FINAL\node_modules\express\lib\router\route.js:119:3)[39m
[31m    at Layer.handle [as handle_request] (D:\FINAL\node_modules\express\lib\router\layer.js:95:5)[39m
[31m    at D:\FINAL\node_modules\express\lib\router\index.js:284:15[39m
[31m    at Function.process_params (D:\FINAL\node_modules\express\lib\router\index.js:346:12)[39m
[31m    at next (D:\FINAL\node_modules\express\lib\router\index.js:280:10)[39m
[31m    at SendStream.error (D:\FINAL\node_modules\serve-static\index.js:121:7)[39m
[31m    at SendStream.emit (node:events:518:28)[39m
2025-05-02 16:30:45:3045 [31merror[39m: [31mError: write EPIPE: Uncaught Exception:[39m
2025-05-02 16:30:45:3045 [31merror[39m: [31mError: write EPIPE: Uncaught Exception:[39m
2025-05-02 16:30:45:3045 [31merror[39m: [31mError: write EPIPE: Uncaught Exception:[39m
2025-05-02 16:30:45:3045 [31merror[39m: [31mError: write EPIPE: Uncaught Exception:[39m
2025-05-02 16:30:45:3045 [31merror[39m: [31mError: write EPIPE: Uncaught Exception:[39m
2025-05-02 16:30:45:3045 [31merror[39m: [31mError: write EPIPE: Uncaught Exception:[39m
2025-05-02 16:30:45:3045 [31merror[39m: [31mError: write EPIPE: Uncaught Exception:[39m
2025-05-02 16:30:45:3045 [31merror[39m: [31mError: write EPIPE: Uncaught Exception:[39m
2025-05-02 16:30:45:3045 [31merror[39m: [31mError: write EPIPE: Uncaught Exception:[39m
2025-05-02 16:30:45:3045 [31merror[39m: [31mError: write EPIPE: Uncaught Exception:[39m
2025-05-02 16:30:45:3045 [31merror[39m: [31mError: write EPIPE: Uncaught Exception:[39m
2025-05-02 16:30:45:3045 [31merror[39m: [31mError: write EPIPE: Uncaught Exception:[39m
2025-05-02 16:30:45:3045 [31merror[39m: [31mError: write EPIPE: Uncaught Exception:[39m
2025-05-02 16:30:45:3045 [31merror[39m: [31mError: write EPIPE: Uncaught Exception:[39m
2025-05-02 16:30:45:3045 [31merror[39m: [31mError: write EPIPE: Uncaught Exception:[39m
2025-05-02 16:30:45:3045 [31merror[39m: [31mError: write EPIPE: Uncaught Exception:[39m
2025-05-02 16:30:45:3045 [31merror[39m: [31mError: write EPIPE: Uncaught Exception:[39m
2025-05-02 16:30:45:3045 [31merror[39m: [31mError: write EPIPE: Uncaught Exception:[39m
2025-05-02 16:30:45:3045 [31merror[39m: [31mError: write EPIPE: Uncaught Exception:[39m
2025-05-02 16:30:45:3045 [31merror[39m: [31mError: write EPIPE: Uncaught Exception:[39m
2025-05-02 16:30:45:3045 [31merror[39m: [31mError: write EPIPE: Uncaught Exception:[39m
2025-05-02 16:30:45:3045 [31merror[39m: [31mError: write EPIPE: Uncaught Exception:[39m
2025-05-02 16:30:45:3045 [31merror[39m: [31mError: write EPIPE: Uncaught Exception:[39m
2025-05-02 16:30:45:3045 [31merror[39m: [31mError: write EPIPE: Uncaught Exception:[39m
2025-05-02 16:30:45:3045 [31merror[39m: [31mError: write EPIPE: Uncaught Exception:[39m
2025-05-02 16:30:45:3045 [31merror[39m: [31mError: write EPIPE: Uncaught Exception:[39m
2025-05-02 16:30:45:3045 [31merror[39m: [31mError: write EPIPE: Uncaught Exception:[39m
2025-05-02 16:30:45:3045 [31merror[39m: [31mError: write EPIPE: Uncaught Exception:[39m
2025-05-02 16:30:45:3045 [31merror[39m: [31mError: write EPIPE: Uncaught Exception:[39m
2025-05-02 16:30:45:3045 [31merror[39m: [31mError: write EPIPE: Uncaught Exception:[39m
2025-05-02 16:30:45:3045 [31merror[39m: [31mError: write EPIPE: Uncaught Exception:[39m
2025-05-02 16:30:45:3045 [31merror[39m: [31mError: write EPIPE: Uncaught Exception:[39m
2025-05-02 16:30:45:3045 [31merror[39m: [31mError: write EPIPE: Uncaught Exception:[39m
2025-05-02 16:30:45:3045 [31merror[39m: [31mError: write EPIPE: Uncaught Exception:[39m
2025-05-02 16:30:45:3045 [31merror[39m: [31mError: write EPIPE: Uncaught Exception:[39m
2025-05-02 16:30:45:3045 [31merror[39m: [31mError: write EPIPE: Uncaught Exception:[39m
2025-05-02 16:30:45:3045 [31merror[39m: [31mError: write EPIPE: Uncaught Exception:[39m
2025-05-02 16:30:45:3045 [31merror[39m: [31mError: write EPIPE: Uncaught Exception:[39m
2025-05-02 16:30:45:3045 [31merror[39m: [31mError: write EPIPE: Uncaught Exception:[39m
2025-05-02 16:30:45:3045 [31merror[39m: [31mError: write EPIPE: Uncaught Exception:[39m
2025-05-02 16:30:45:3045 [31merror[39m: [31mError: write EPIPE: Uncaught Exception:[39m
2025-05-02 16:30:45:3045 [31merror[39m: [31mError: write EPIPE: Uncaught Exception:[39m
2025-05-02 16:30:45:3045 [31merror[39m: [31mError: write EPIPE: Uncaught Exception:[39m
2025-05-02 16:30:45:3045 [31merror[39m: [31mError: write EPIPE: Uncaught Exception:[39m
2025-05-02 16:30:45:3045 [31merror[39m: [31mError: write EPIPE: Uncaught Exception:[39m
2025-05-02 16:30:45:3045 [31merror[39m: [31mError: write EPIPE: Uncaught Exception:[39m
2025-05-02 16:30:45:3045 [31merror[39m: [31mError: write EPIPE: Uncaught Exception:[39m
2025-05-02 16:30:45:3045 [31merror[39m: [31mError: write EPIPE: Uncaught Exception:[39m
2025-05-02 16:30:45:3045 [31merror[39m: [31mError: write EPIPE: Uncaught Exception:[39m
2025-05-02 16:30:45:3045 [31merror[39m: [31mError: write EPIPE: Uncaught Exception:[39m
2025-05-02 16:30:45:3045 [31merror[39m: [31mError: write EPIPE: Uncaught Exception:[39m
2025-05-02 16:30:45:3045 [31merror[39m: [31mError: write EPIPE: Uncaught Exception:[39m
2025-05-02 16:30:45:3045 [31merror[39m: [31mError: write EPIPE: Uncaught Exception:[39m
2025-05-02 16:30:45:3045 [31merror[39m: [31mError: write EPIPE: Uncaught Exception:[39m
2025-05-02 16:30:45:3045 [31merror[39m: [31mError: write EPIPE: Uncaught Exception:[39m
2025-05-02 16:30:45:3045 [31merror[39m: [31mError: write EPIPE: Uncaught Exception:[39m
2025-05-02 16:30:45:3045 [31merror[39m: [31mError: write EPIPE: Uncaught Exception:[39m
2025-05-02 16:30:45:3045 [31merror[39m: [31mError: write EPIPE: Uncaught Exception:[39m
2025-05-02 16:30:45:3045 [31merror[39m: [31mError: write EPIPE: Uncaught Exception:[39m
2025-05-02 16:30:45:3045 [31merror[39m: [31mError: write EPIPE: Uncaught Exception:[39m
2025-05-02 16:30:45:3045 [31merror[39m: [31mError: write EPIPE: Uncaught Exception:[39m
2025-05-02 16:30:45:3045 [31merror[39m: [31mError: write EPIPE: Uncaught Exception:[39m
2025-05-02 16:30:45:3045 [31merror[39m: [31mError: write EPIPE: Uncaught Exception:[39m
2025-05-02 16:30:45:3045 [31merror[39m: [31mError: write EPIPE: Uncaught Exception:[39m
2025-05-02 16:30:45:3045 [31merror[39m: [31mError: write EPIPE: Uncaught Exception:[39m
2025-05-02 16:30:45:3045 [31merror[39m: [31mError: write EPIPE: Uncaught Exception:[39m
2025-05-02 16:30:45:3045 [31merror[39m: [31mError: write EPIPE: Uncaught Exception:[39m
2025-05-02 16:30:45:3045 [31merror[39m: [31mError: write EPIPE: Uncaught Exception:[39m
2025-05-02 16:30:45:3045 [31merror[39m: [31mError: write EPIPE: Uncaught Exception:[39m
2025-05-02 16:51:10:5110 [31merror[39m: [31mTypeError: fetch failed: Health check failed[39m
2025-05-02 17:11:35:1135 [31merror[39m: [31mPOST /api/users/register: ForbiddenError: invalid csrf token[39m
[31m    at doubleCsrf (file:///D:/FINAL/node_modules/csrf-csrf/dist/index.js:30:33)[39m
[31m    at file:///D:/FINAL/src/middleware/security.js:32:49[39m
[31m    at ModuleJob.run (node:internal/modules/esm/module_job:271:25)[39m
[31m    at async onImport.tracePromise.__proto__ (node:internal/modules/esm/loader:578:26)[39m
[31m    at async asyncRunEntryPointWithESMLoader (node:internal/modules/run_main:116:5)[39m
2025-05-02 17:13:04:134 [31merror[39m: [31mGET /api/csrf-token: TypeError: generateCsrfToken is not a function[39m
[31m    at file:///D:/FINAL/src/server.js:59:19[39m
[31m    at Layer.handle [as handle_request] (D:\FINAL\node_modules\express\lib\router\layer.js:95:5)[39m
[31m    at next (D:\FINAL\node_modules\express\lib\router\route.js:149:13)[39m
[31m    at Route.dispatch (D:\FINAL\node_modules\express\lib\router\route.js:119:3)[39m
[31m    at Layer.handle [as handle_request] (D:\FINAL\node_modules\express\lib\router\layer.js:95:5)[39m
[31m    at D:\FINAL\node_modules\express\lib\router\index.js:284:15[39m
[31m    at Function.process_params (D:\FINAL\node_modules\express\lib\router\index.js:346:12)[39m
[31m    at next (D:\FINAL\node_modules\express\lib\router\index.js:280:10)[39m
[31m    at SendStream.error (D:\FINAL\node_modules\serve-static\index.js:121:7)[39m
[31m    at SendStream.emit (node:events:518:28)[39m
2025-05-02 17:13:09:139 [31merror[39m: [31mGET /api/csrf-token: TypeError: generateCsrfToken is not a function[39m
[31m    at file:///D:/FINAL/src/server.js:59:19[39m
[31m    at Layer.handle [as handle_request] (D:\FINAL\node_modules\express\lib\router\layer.js:95:5)[39m
[31m    at next (D:\FINAL\node_modules\express\lib\router\route.js:149:13)[39m
[31m    at Route.dispatch (D:\FINAL\node_modules\express\lib\router\route.js:119:3)[39m
[31m    at Layer.handle [as handle_request] (D:\FINAL\node_modules\express\lib\router\layer.js:95:5)[39m
[31m    at D:\FINAL\node_modules\express\lib\router\index.js:284:15[39m
[31m    at Function.process_params (D:\FINAL\node_modules\express\lib\router\index.js:346:12)[39m
[31m    at next (D:\FINAL\node_modules\express\lib\router\index.js:280:10)[39m
[31m    at SendStream.error (D:\FINAL\node_modules\serve-static\index.js:121:7)[39m
[31m    at SendStream.emit (node:events:518:28)[39m
2025-05-02 17:14:10:1410 [31merror[39m: [31mTypeError: generateCsrfToken is not a function: Error generating CSRF token:[39m
2025-05-02 18:34:57:3457 [31merror[39m: [31mTypeError: generateCsrfToken is not a function: Error generating CSRF token:[39m
2025-05-02 18:35:42:3542 [31merror[39m: [31mTypeError: generateCsrfToken is not a function: Error generating CSRF token:[39m
2025-05-02 18:39:24:3924 [31merror[39m: [31mTypeError: generateCsrfToken is not a function: Error generating CSRF token:[39m
2025-05-02 18:39:35:3935 [31merror[39m: [31mTypeError: generateCsrfToken is not a function: Error generating CSRF token:[39m
2025-05-02 22:08:02:82 [31merror[39m: [31mTrying unknown #1 at 10:08:02 PM: Database retry:[39m
2025-05-02 22:08:03:83 [31merror[39m: [31mTrying unknown #1 at 10:08:03 PM: Database retry:[39m
2025-05-02 22:08:13:813 [31merror[39m: [31mTrying unknown #1 at 10:08:13 PM: Database retry:[39m
2025-05-02 22:08:13:813 [31merror[39m: [31mTrying unknown #1 at 10:08:13 PM: Database retry:[39m
2025-05-02 22:08:23:823 [31merror[39m: [31mTrying unknown #1 at 10:08:23 PM: Database retry:[39m
2025-05-02 22:08:23:823 [31merror[39m: [31mTrying unknown #1 at 10:08:23 PM: Database retry:[39m
2025-05-02 22:08:23:823 [31merror[39m: [31mTrying unknown #1 at 10:08:23 PM: Database retry:[39m
2025-05-02 22:08:23:823 [31merror[39m: [31mTrying unknown #1 at 10:08:23 PM: Database retry:[39m
2025-05-02 22:08:34:834 [31merror[39m: [31mTrying unknown #1 at 10:08:34 PM: Database retry:[39m
2025-05-02 22:08:34:834 [31merror[39m: [31mTrying unknown #1 at 10:08:34 PM: Database retry:[39m
2025-05-02 22:08:34:834 [31merror[39m: [31mTrying unknown #1 at 10:08:34 PM: Database retry:[39m
2025-05-02 22:08:34:834 [31merror[39m: [31mTrying unknown #1 at 10:08:34 PM: Database retry:[39m
2025-05-02 22:08:34:834 [31merror[39m: [31mTrying unknown #1 at 10:08:34 PM: Database retry:[39m
2025-05-02 22:08:34:834 [31merror[39m: [31mTrying unknown #1 at 10:08:34 PM: Database retry:[39m
2025-05-02 22:08:34:834 [31merror[39m: [31mTrying unknown #1 at 10:08:34 PM: Database retry:[39m
2025-05-02 22:08:34:834 [31merror[39m: [31mTrying unknown #1 at 10:08:34 PM: Database retry:[39m
2025-05-02 22:08:44:844 [31merror[39m: [31mTrying unknown #1 at 10:08:44 PM: Database retry:[39m
2025-05-02 22:08:44:844 [31merror[39m: [31mTrying unknown #1 at 10:08:44 PM: Database retry:[39m
2025-05-02 22:08:44:844 [31merror[39m: [31mTrying unknown #1 at 10:08:44 PM: Database retry:[39m
2025-05-02 22:08:44:844 [31merror[39m: [31mTrying unknown #1 at 10:08:44 PM: Database retry:[39m
2025-05-02 22:08:44:844 [31merror[39m: [31mTrying unknown #1 at 10:08:44 PM: Database retry:[39m
2025-05-02 22:08:44:844 [31merror[39m: [31mTrying unknown #1 at 10:08:44 PM: Database retry:[39m
2025-05-02 22:08:44:844 [31merror[39m: [31mTrying unknown #1 at 10:08:44 PM: Database retry:[39m
2025-05-02 22:08:44:844 [31merror[39m: [31mTrying unknown #1 at 10:08:44 PM: Database retry:[39m
2025-05-02 22:08:44:844 [31merror[39m: [31mTrying unknown #1 at 10:08:44 PM: Database retry:[39m
2025-05-02 22:08:44:844 [31merror[39m: [31mTrying unknown #1 at 10:08:44 PM: Database retry:[39m
2025-05-02 22:08:54:854 [31merror[39m: [31mTrying unknown #1 at 10:08:54 PM: Database retry:[39m
2025-05-02 22:08:54:854 [31merror[39m: [31mTrying unknown #1 at 10:08:54 PM: Database retry:[39m
2025-05-02 22:08:54:854 [31merror[39m: [31mTrying unknown #1 at 10:08:54 PM: Database retry:[39m
2025-05-02 22:08:54:854 [31merror[39m: [31mTrying unknown #1 at 10:08:54 PM: Database retry:[39m
2025-05-02 22:09:04:94 [31merror[39m: [31mTrying unknown #1 at 10:09:04 PM: Database retry:[39m
2025-05-02 22:09:05:95 [31merror[39m: [31mTrying unknown #1 at 10:09:05 PM: Database retry:[39m
2025-05-02 22:09:05:95 [31merror[39m: [31mTrying unknown #1 at 10:09:05 PM: Database retry:[39m
2025-05-02 22:09:05:95 [31merror[39m: [31mTrying unknown #1 at 10:09:05 PM: Database retry:[39m
2025-05-02 22:09:05:95 [31merror[39m: [31mTrying unknown #1 at 10:09:05 PM: Database retry:[39m
2025-05-02 22:09:05:95 [31merror[39m: [31mTrying unknown #1 at 10:09:05 PM: Database retry:[39m
2025-05-02 22:09:15:915 [31merror[39m: [31mTrying unknown #1 at 10:09:15 PM: Database retry:[39m
2025-05-02 22:09:16:916 [31merror[39m: [31mTrying unknown #1 at 10:09:16 PM: Database retry:[39m
2025-05-02 22:09:16:916 [31merror[39m: [31mTrying unknown #1 at 10:09:16 PM: Database retry:[39m
2025-05-02 22:09:16:916 [31merror[39m: [31mTrying unknown #1 at 10:09:16 PM: Database retry:[39m
2025-05-02 22:09:16:916 [31merror[39m: [31mTrying unknown #1 at 10:09:16 PM: Database retry:[39m
2025-05-02 22:09:16:916 [31merror[39m: [31mTrying unknown #1 at 10:09:16 PM: Database retry:[39m
2025-05-02 22:09:16:916 [31merror[39m: [31mTrying unknown #1 at 10:09:16 PM: Database retry:[39m
2025-05-02 22:09:16:916 [31merror[39m: [31mTrying unknown #1 at 10:09:16 PM: Database retry:[39m
2025-05-02 22:09:26:926 [31merror[39m: [31mTrying unknown #1 at 10:09:26 PM: Database retry:[39m
2025-05-02 22:09:27:927 [31merror[39m: [31mTrying unknown #1 at 10:09:27 PM: Database retry:[39m
2025-05-02 22:09:27:927 [31merror[39m: [31mTrying unknown #1 at 10:09:27 PM: Database retry:[39m
2025-05-02 22:09:37:937 [31merror[39m: [31mTrying unknown #1 at 10:09:37 PM: Database retry:[39m
2025-05-02 22:09:39:939 [31merror[39m: [31mTrying unknown #1 at 10:09:39 PM: Database retry:[39m
2025-05-02 22:09:49:949 [31merror[39m: [31mTrying unknown #1 at 10:09:49 PM: Database retry:[39m
2025-05-02 22:09:59:959 [31merror[39m: [31mTrying unknown #1 at 10:09:59 PM: Database retry:[39m
2025-05-02 22:09:59:959 [31merror[39m: [31mTrying unknown #1 at 10:09:59 PM: Database retry:[39m
2025-05-02 22:10:09:109 [31merror[39m: [31mTrying unknown #1 at 10:10:09 PM: Database retry:[39m
2025-05-02 22:10:09:109 [31merror[39m: [31mTrying unknown #1 at 10:10:09 PM: Database retry:[39m
2025-05-02 22:10:09:109 [31merror[39m: [31mTrying unknown #1 at 10:10:09 PM: Database retry:[39m
2025-05-02 22:10:09:109 [31merror[39m: [31mTrying unknown #1 at 10:10:09 PM: Database retry:[39m
2025-05-02 22:10:20:1020 [31merror[39m: [31mTrying unknown #1 at 10:10:20 PM: Database retry:[39m
2025-05-02 22:10:20:1020 [31merror[39m: [31mTrying unknown #1 at 10:10:20 PM: Database retry:[39m
2025-05-02 22:10:20:1020 [31merror[39m: [31mTrying unknown #1 at 10:10:20 PM: Database retry:[39m
2025-05-02 22:10:20:1020 [31merror[39m: [31mTrying unknown #1 at 10:10:20 PM: Database retry:[39m
2025-05-02 22:10:20:1020 [31merror[39m: [31mTrying unknown #1 at 10:10:20 PM: Database retry:[39m
2025-05-02 22:10:20:1020 [31merror[39m: [31mTrying unknown #1 at 10:10:20 PM: Database retry:[39m
2025-05-02 22:10:20:1020 [31merror[39m: [31mTrying unknown #1 at 10:10:20 PM: Database retry:[39m
2025-05-02 22:10:30:1030 [31merror[39m: [31mTrying unknown #1 at 10:10:30 PM: Database retry:[39m
2025-05-02 22:10:31:1031 [31merror[39m: [31mTrying unknown #1 at 10:10:31 PM: Database retry:[39m
2025-05-02 22:10:31:1031 [31merror[39m: [31mTrying unknown #1 at 10:10:31 PM: Database retry:[39m
2025-05-02 22:10:31:1031 [31merror[39m: [31mTrying unknown #1 at 10:10:31 PM: Database retry:[39m
2025-05-02 22:10:31:1031 [31merror[39m: [31mTrying unknown #1 at 10:10:31 PM: Database retry:[39m
2025-05-02 22:10:31:1031 [31merror[39m: [31mTrying unknown #1 at 10:10:31 PM: Database retry:[39m
2025-05-02 22:10:31:1031 [31merror[39m: [31mTrying unknown #1 at 10:10:31 PM: Database retry:[39m
2025-05-02 22:10:31:1031 [31merror[39m: [31mTrying unknown #1 at 10:10:31 PM: Database retry:[39m
2025-05-02 22:10:31:1031 [31merror[39m: [31mTrying unknown #1 at 10:10:31 PM: Database retry:[39m
2025-05-02 22:10:41:1041 [31merror[39m: [31mTrying unknown #1 at 10:10:41 PM: Database retry:[39m
2025-05-02 22:10:42:1042 [31merror[39m: [31mTrying unknown #1 at 10:10:42 PM: Database retry:[39m
2025-05-02 22:10:42:1042 [31merror[39m: [31mTrying unknown #1 at 10:10:42 PM: Database retry:[39m
2025-05-02 22:10:42:1042 [31merror[39m: [31mTrying unknown #1 at 10:10:42 PM: Database retry:[39m
2025-05-02 22:10:42:1042 [31merror[39m: [31mTrying unknown #1 at 10:10:42 PM: Database retry:[39m
2025-05-02 22:10:42:1042 [31merror[39m: [31mTrying unknown #1 at 10:10:42 PM: Database retry:[39m
2025-05-02 22:10:42:1042 [31merror[39m: [31mTrying unknown #1 at 10:10:42 PM: Database retry:[39m
2025-05-02 22:10:42:1042 [31merror[39m: [31mTrying unknown #1 at 10:10:42 PM: Database retry:[39m
2025-05-02 22:10:42:1042 [31merror[39m: [31mTrying unknown #1 at 10:10:42 PM: Database retry:[39m
2025-05-02 22:10:52:1052 [31merror[39m: [31mTrying unknown #1 at 10:10:52 PM: Database retry:[39m
2025-05-02 22:10:53:1053 [31merror[39m: [31mTrying unknown #1 at 10:10:53 PM: Database retry:[39m
2025-05-02 22:10:53:1053 [31merror[39m: [31mTrying unknown #1 at 10:10:53 PM: Database retry:[39m
2025-05-02 22:10:53:1053 [31merror[39m: [31mTrying unknown #1 at 10:10:53 PM: Database retry:[39m
2025-05-02 22:10:53:1053 [31merror[39m: [31mTrying unknown #1 at 10:10:53 PM: Database retry:[39m
2025-05-02 22:10:53:1053 [31merror[39m: [31mTrying unknown #1 at 10:10:53 PM: Database retry:[39m
2025-05-02 22:10:53:1053 [31merror[39m: [31mTrying unknown #1 at 10:10:53 PM: Database retry:[39m
2025-05-02 22:10:53:1053 [31merror[39m: [31mTrying unknown #1 at 10:10:53 PM: Database retry:[39m
2025-05-02 22:10:53:1053 [31merror[39m: [31mTrying unknown #1 at 10:10:53 PM: Database retry:[39m
2025-05-02 22:11:03:113 [31merror[39m: [31mTrying unknown #1 at 10:11:03 PM: Database retry:[39m
2025-05-02 22:11:04:114 [31merror[39m: [31mTrying unknown #1 at 10:11:04 PM: Database retry:[39m
2025-05-02 22:11:04:114 [31merror[39m: [31mTrying unknown #1 at 10:11:04 PM: Database retry:[39m
2025-05-02 22:11:04:114 [31merror[39m: [31mTrying unknown #1 at 10:11:04 PM: Database retry:[39m
2025-05-02 22:11:04:114 [31merror[39m: [31mTrying unknown #1 at 10:11:04 PM: Database retry:[39m
2025-05-02 22:11:04:114 [31merror[39m: [31mTrying unknown #1 at 10:11:04 PM: Database retry:[39m
2025-05-02 22:11:04:114 [31merror[39m: [31mTrying unknown #1 at 10:11:04 PM: Database retry:[39m
2025-05-02 22:11:04:114 [31merror[39m: [31mTrying unknown #1 at 10:11:04 PM: Database retry:[39m
2025-05-02 22:11:04:114 [31merror[39m: [31mTrying unknown #1 at 10:11:04 PM: Database retry:[39m
2025-05-02 22:11:14:1114 [31merror[39m: [31mTrying unknown #1 at 10:11:14 PM: Database retry:[39m
2025-05-02 22:11:15:1115 [31merror[39m: [31mTrying unknown #1 at 10:11:15 PM: Database retry:[39m
2025-05-02 22:11:15:1115 [31merror[39m: [31mTrying unknown #1 at 10:11:15 PM: Database retry:[39m
2025-05-02 22:11:15:1115 [31merror[39m: [31mTrying unknown #1 at 10:11:15 PM: Database retry:[39m
2025-05-02 22:11:15:1115 [31merror[39m: [31mTrying unknown #1 at 10:11:15 PM: Database retry:[39m
2025-05-02 22:11:15:1115 [31merror[39m: [31mTrying unknown #1 at 10:11:15 PM: Database retry:[39m
2025-05-02 22:11:15:1115 [31merror[39m: [31mTrying unknown #1 at 10:11:15 PM: Database retry:[39m
2025-05-02 22:11:15:1115 [31merror[39m: [31mTrying unknown #1 at 10:11:15 PM: Database retry:[39m
2025-05-02 22:11:15:1115 [31merror[39m: [31mTrying unknown #1 at 10:11:15 PM: Database retry:[39m
2025-05-02 22:11:25:1125 [31merror[39m: [31mTrying unknown #1 at 10:11:25 PM: Database retry:[39m
2025-05-02 22:11:26:1126 [31merror[39m: [31mTrying unknown #1 at 10:11:26 PM: Database retry:[39m
2025-05-02 22:11:26:1126 [31merror[39m: [31mTrying unknown #1 at 10:11:26 PM: Database retry:[39m
2025-05-02 22:11:26:1126 [31merror[39m: [31mTrying unknown #1 at 10:11:26 PM: Database retry:[39m
2025-05-02 22:11:26:1126 [31merror[39m: [31mTrying unknown #1 at 10:11:26 PM: Database retry:[39m
2025-05-02 22:11:26:1126 [31merror[39m: [31mTrying unknown #1 at 10:11:26 PM: Database retry:[39m
2025-05-02 22:11:26:1126 [31merror[39m: [31mTrying unknown #1 at 10:11:26 PM: Database retry:[39m
2025-05-02 22:11:26:1126 [31merror[39m: [31mTrying unknown #1 at 10:11:26 PM: Database retry:[39m
2025-05-02 22:11:26:1126 [31merror[39m: [31mTrying unknown #1 at 10:11:26 PM: Database retry:[39m
2025-05-02 22:11:36:1136 [31merror[39m: [31mTrying unknown #1 at 10:11:36 PM: Database retry:[39m
2025-05-02 22:11:37:1137 [31merror[39m: [31mTrying unknown #1 at 10:11:37 PM: Database retry:[39m
2025-05-02 22:11:37:1137 [31merror[39m: [31mTrying unknown #1 at 10:11:37 PM: Database retry:[39m
2025-05-02 22:11:37:1137 [31merror[39m: [31mTrying unknown #1 at 10:11:37 PM: Database retry:[39m
2025-05-02 22:11:37:1137 [31merror[39m: [31mTrying unknown #1 at 10:11:37 PM: Database retry:[39m
2025-05-02 22:11:37:1137 [31merror[39m: [31mTrying unknown #1 at 10:11:37 PM: Database retry:[39m
2025-05-02 22:11:37:1137 [31merror[39m: [31mTrying unknown #1 at 10:11:37 PM: Database retry:[39m
2025-05-02 22:11:37:1137 [31merror[39m: [31mTrying unknown #1 at 10:11:37 PM: Database retry:[39m
2025-05-02 22:11:47:1147 [31merror[39m: [31mTrying unknown #1 at 10:11:47 PM: Database retry:[39m
2025-05-02 22:11:48:1148 [31merror[39m: [31mTrying unknown #1 at 10:11:48 PM: Database retry:[39m
2025-05-02 22:11:48:1148 [31merror[39m: [31mTrying unknown #1 at 10:11:48 PM: Database retry:[39m
2025-05-02 22:11:48:1148 [31merror[39m: [31mTrying unknown #1 at 10:11:48 PM: Database retry:[39m
2025-05-02 22:11:48:1148 [31merror[39m: [31mTrying unknown #1 at 10:11:48 PM: Database retry:[39m
2025-05-02 22:11:48:1148 [31merror[39m: [31mTrying unknown #1 at 10:11:48 PM: Database retry:[39m
2025-05-02 22:11:48:1148 [31merror[39m: [31mTrying unknown #1 at 10:11:48 PM: Database retry:[39m
2025-05-02 22:11:48:1148 [31merror[39m: [31mTrying unknown #1 at 10:11:48 PM: Database retry:[39m
2025-05-02 22:11:48:1148 [31merror[39m: [31mTrying unknown #1 at 10:11:48 PM: Database retry:[39m
2025-05-02 22:11:59:1159 [31merror[39m: [31mTrying unknown #1 at 10:11:59 PM: Database retry:[39m
2025-05-02 22:12:00:120 [31merror[39m: [31mTrying unknown #1 at 10:12:00 PM: Database retry:[39m
2025-05-02 22:12:00:120 [31merror[39m: [31mTrying unknown #1 at 10:12:00 PM: Database retry:[39m
2025-05-02 22:12:00:120 [31merror[39m: [31mTrying unknown #1 at 10:12:00 PM: Database retry:[39m
2025-05-02 22:12:00:120 [31merror[39m: [31mTrying unknown #1 at 10:12:00 PM: Database retry:[39m
2025-05-02 22:12:00:120 [31merror[39m: [31mTrying unknown #1 at 10:12:00 PM: Database retry:[39m
2025-05-02 22:12:00:120 [31merror[39m: [31mTrying unknown #1 at 10:12:00 PM: Database retry:[39m
2025-05-02 22:12:00:120 [31merror[39m: [31mTrying unknown #1 at 10:12:00 PM: Database retry:[39m
2025-05-02 22:12:00:120 [31merror[39m: [31mTrying unknown #1 at 10:12:00 PM: Database retry:[39m
2025-05-02 22:12:10:1210 [31merror[39m: [31mTrying unknown #1 at 10:12:10 PM: Database retry:[39m
2025-05-02 22:12:11:1211 [31merror[39m: [31mTrying unknown #1 at 10:12:11 PM: Database retry:[39m
2025-05-02 22:12:11:1211 [31merror[39m: [31mTrying unknown #1 at 10:12:11 PM: Database retry:[39m
2025-05-02 22:12:11:1211 [31merror[39m: [31mTrying unknown #1 at 10:12:11 PM: Database retry:[39m
2025-05-02 22:12:11:1211 [31merror[39m: [31mTrying unknown #1 at 10:12:11 PM: Database retry:[39m
2025-05-02 22:12:11:1211 [31merror[39m: [31mTrying unknown #1 at 10:12:11 PM: Database retry:[39m
2025-05-02 22:12:11:1211 [31merror[39m: [31mTrying unknown #1 at 10:12:11 PM: Database retry:[39m
2025-05-02 22:12:11:1211 [31merror[39m: [31mTrying unknown #1 at 10:12:11 PM: Database retry:[39m
2025-05-02 22:12:21:1221 [31merror[39m: [31mTrying unknown #1 at 10:12:21 PM: Database retry:[39m
2025-05-02 22:12:22:1222 [31merror[39m: [31mTrying unknown #1 at 10:12:22 PM: Database retry:[39m
2025-05-02 22:12:22:1222 [31merror[39m: [31mTrying unknown #1 at 10:12:22 PM: Database retry:[39m
2025-05-02 22:12:22:1222 [31merror[39m: [31mTrying unknown #1 at 10:12:22 PM: Database retry:[39m
2025-05-02 22:12:22:1222 [31merror[39m: [31mTrying unknown #1 at 10:12:22 PM: Database retry:[39m
2025-05-02 22:12:22:1222 [31merror[39m: [31mTrying unknown #1 at 10:12:22 PM: Database retry:[39m
2025-05-02 22:12:22:1222 [31merror[39m: [31mTrying unknown #1 at 10:12:22 PM: Database retry:[39m
2025-05-02 22:12:22:1222 [31merror[39m: [31mTrying unknown #1 at 10:12:22 PM: Database retry:[39m
2025-05-02 22:12:22:1222 [31merror[39m: [31mTrying unknown #1 at 10:12:22 PM: Database retry:[39m
2025-05-02 22:12:29:1229 [31merror[39m: [31mTrying unknown #1 at 10:12:29 PM: Database retry:[39m
2025-05-02 22:12:29:1229 [31merror[39m: [31mError: ConnectionManager.getConnection was called after the connection manager was closed!: Database retry:[39m
2025-05-02 22:12:29:1229 [31merror[39m: [31mError: ConnectionManager.getConnection was called after the connection manager was closed!: Unable to connect to the database:[39m
2025-05-02 22:12:29:1229 [31merror[39m: [31mTrying unknown #1 at 10:12:29 PM: Database retry:[39m
2025-05-02 22:12:29:1229 [31merror[39m: [31mError: ConnectionManager.getConnection was called after the connection manager was closed!: Database retry:[39m
2025-05-02 22:12:29:1229 [31merror[39m: [31mError: ConnectionManager.getConnection was called after the connection manager was closed!: Unable to connect to the database:[39m
2025-05-02 22:12:29:1229 [31merror[39m: [31mTrying unknown #1 at 10:12:29 PM: Database retry:[39m
2025-05-02 22:12:29:1229 [31merror[39m: [31mError: ConnectionManager.getConnection was called after the connection manager was closed!: Database retry:[39m
2025-05-02 22:12:29:1229 [31merror[39m: [31mError: ConnectionManager.getConnection was called after the connection manager was closed!: Unable to connect to the database:[39m
2025-05-02 22:12:29:1229 [31merror[39m: [31mTrying unknown #1 at 10:12:29 PM: Database retry:[39m
2025-05-02 22:12:29:1229 [31merror[39m: [31mError: ConnectionManager.getConnection was called after the connection manager was closed!: Database retry:[39m
2025-05-02 22:12:29:1229 [31merror[39m: [31mError: ConnectionManager.getConnection was called after the connection manager was closed!: Unable to connect to the database:[39m
2025-05-02 22:12:29:1229 [31merror[39m: [31mTrying unknown #1 at 10:12:29 PM: Database retry:[39m
2025-05-02 22:12:29:1229 [31merror[39m: [31mError: ConnectionManager.getConnection was called after the connection manager was closed!: Database retry:[39m
2025-05-02 22:12:29:1229 [31merror[39m: [31mError: ConnectionManager.getConnection was called after the connection manager was closed!: Unable to connect to the database:[39m
2025-05-02 22:12:29:1229 [31merror[39m: [31mTrying unknown #1 at 10:12:29 PM: Database retry:[39m
2025-05-02 22:12:29:1229 [31merror[39m: [31mError: ConnectionManager.getConnection was called after the connection manager was closed!: Database retry:[39m
2025-05-02 22:12:29:1229 [31merror[39m: [31mError: ConnectionManager.getConnection was called after the connection manager was closed!: Unable to connect to the database:[39m
2025-05-02 22:12:29:1229 [31merror[39m: [31mTrying unknown #1 at 10:12:29 PM: Database retry:[39m
2025-05-02 22:12:29:1229 [31merror[39m: [31mError: ConnectionManager.getConnection was called after the connection manager was closed!: Database retry:[39m
2025-05-02 22:12:29:1229 [31merror[39m: [31mError: ConnectionManager.getConnection was called after the connection manager was closed!: Unable to connect to the database:[39m
2025-05-02 22:12:29:1229 [31merror[39m: [31mTrying unknown #1 at 10:12:29 PM: Database retry:[39m
2025-05-02 22:12:29:1229 [31merror[39m: [31mError: ConnectionManager.getConnection was called after the connection manager was closed!: Database retry:[39m
2025-05-02 22:12:29:1229 [31merror[39m: [31mError: ConnectionManager.getConnection was called after the connection manager was closed!: Unable to connect to the database:[39m
2025-05-02 22:20:24:2024 [31merror[39m: [31mTrying unknown #1 at 10:20:24 PM: Database retry:[39m
2025-05-02 22:20:54:2054 [31merror[39m: [31mTrying unknown #1 at 10:20:54 PM: Database retry:[39m
2025-05-02 22:21:24:2124 [31merror[39m: [31mTrying unknown #1 at 10:21:24 PM: Database retry:[39m
2025-05-02 22:21:55:2155 [31merror[39m: [31mTrying unknown #1 at 10:21:55 PM: Database retry:[39m
2025-05-02 22:22:25:2225 [31merror[39m: [31mTrying unknown #1 at 10:22:25 PM: Database retry:[39m
2025-05-02 22:23:44:2344 [31merror[39m: [31mTrying unknown #1 at 10:23:44 PM: Database retry:[39m
2025-05-02 22:24:15:2415 [31merror[39m: [31mTrying unknown #1 at 10:24:15 PM: Database retry:[39m
2025-05-02 22:24:45:2445 [31merror[39m: [31mTrying unknown #1 at 10:24:45 PM: Database retry:[39m
2025-05-02 22:25:15:2515 [31merror[39m: [31mTrying unknown #1 at 10:25:15 PM: Database retry:[39m
2025-05-02 22:25:45:2545 [31merror[39m: [31mTrying unknown #1 at 10:25:45 PM: Database retry:[39m
2025-05-02 22:26:15:2615 [31merror[39m: [31mTrying unknown #1 at 10:26:15 PM: Database retry:[39m
2025-05-02 22:26:45:2645 [31merror[39m: [31mTrying unknown #1 at 10:26:45 PM: Database retry:[39m
2025-05-02 22:27:15:2715 [31merror[39m: [31mTrying unknown #1 at 10:27:15 PM: Database retry:[39m
2025-05-02 22:27:45:2745 [31merror[39m: [31mTrying unknown #1 at 10:27:45 PM: Database retry:[39m
2025-05-02 22:28:17:2817 [31merror[39m: [31mTrying unknown #1 at 10:28:17 PM: Database retry:[39m
2025-05-02 23:24:26:2426 [31merror[39m: [31mTrying unknown #1 at 11:24:26 PM: Database retry:[39m
2025-05-02 23:24:56:2456 [31merror[39m: [31mTrying unknown #1 at 11:24:56 PM: Database retry:[39m
2025-05-02 23:25:26:2526 [31merror[39m: [31mTrying unknown #1 at 11:25:26 PM: Database retry:[39m
2025-05-02 23:25:29:2529 [31merror[39m: [31mTypeError: generateCsrfToken is not a function: Error generating CSRF token:[39m
2025-05-02 23:25:34:2534 [31merror[39m: [31mTypeError: generateCsrfToken is not a function: Error generating CSRF token:[39m
2025-05-02 23:25:56:2556 [31merror[39m: [31mTypeError: generateCsrfToken is not a function: Error generating CSRF token:[39m
2025-05-02 23:25:56:2556 [31merror[39m: [31mTypeError: generateCsrfToken is not a function: Error generating CSRF token:[39m
2025-05-02 23:25:56:2556 [31merror[39m: [31mTrying unknown #1 at 11:25:56 PM: Database retry:[39m
2025-05-02 23:25:57:2557 [31merror[39m: [31mTypeError: generateCsrfToken is not a function: Error generating CSRF token:[39m
2025-05-02 23:26:27:2627 [31merror[39m: [31mTrying unknown #1 at 11:26:27 PM: Database retry:[39m
2025-05-02 23:26:57:2657 [31merror[39m: [31mTrying unknown #1 at 11:26:57 PM: Database retry:[39m
2025-05-02 23:27:27:2727 [31merror[39m: [31mTrying unknown #1 at 11:27:27 PM: Database retry:[39m
2025-05-02 23:27:57:2757 [31merror[39m: [31mTrying unknown #1 at 11:27:57 PM: Database retry:[39m
2025-05-02 23:28:27:2827 [31merror[39m: [31mTrying unknown #1 at 11:28:27 PM: Database retry:[39m
2025-05-02 23:28:57:2857 [31merror[39m: [31mTrying unknown #1 at 11:28:57 PM: Database retry:[39m
2025-05-02 23:29:28:2928 [31merror[39m: [31mTrying unknown #1 at 11:29:28 PM: Database retry:[39m
2025-05-02 23:29:58:2958 [31merror[39m: [31mTrying unknown #1 at 11:29:58 PM: Database retry:[39m
2025-05-02 23:30:28:3028 [31merror[39m: [31mTrying unknown #1 at 11:30:28 PM: Database retry:[39m
2025-05-02 23:30:58:3058 [31merror[39m: [31mTrying unknown #1 at 11:30:58 PM: Database retry:[39m
2025-05-02 23:31:28:3128 [31merror[39m: [31mTrying unknown #1 at 11:31:28 PM: Database retry:[39m
2025-05-02 23:31:58:3158 [31merror[39m: [31mTrying unknown #1 at 11:31:58 PM: Database retry:[39m
2025-05-02 23:32:28:3228 [31merror[39m: [31mTrying unknown #1 at 11:32:28 PM: Database retry:[39m
2025-05-02 23:32:58:3258 [31merror[39m: [31mTrying unknown #1 at 11:32:58 PM: Database retry:[39m
2025-05-02 23:33:28:3328 [31merror[39m: [31mTrying unknown #1 at 11:33:28 PM: Database retry:[39m
2025-05-02 23:33:59:3359 [31merror[39m: [31mTrying unknown #1 at 11:33:59 PM: Database retry:[39m
2025-05-02 23:34:29:3429 [31merror[39m: [31mTrying unknown #1 at 11:34:29 PM: Database retry:[39m
2025-05-02 23:34:59:3459 [31merror[39m: [31mTrying unknown #1 at 11:34:59 PM: Database retry:[39m
2025-05-02 23:35:29:3529 [31merror[39m: [31mTrying unknown #1 at 11:35:29 PM: Database retry:[39m
2025-05-02 23:35:59:3559 [31merror[39m: [31mTrying unknown #1 at 11:35:59 PM: Database retry:[39m
2025-05-02 23:36:29:3629 [31merror[39m: [31mTrying unknown #1 at 11:36:29 PM: Database retry:[39m
2025-05-02 23:36:59:3659 [31merror[39m: [31mTrying unknown #1 at 11:36:59 PM: Database retry:[39m
2025-05-02 23:37:29:3729 [31merror[39m: [31mTrying unknown #1 at 11:37:29 PM: Database retry:[39m
2025-05-02 23:37:59:3759 [31merror[39m: [31mTrying unknown #1 at 11:37:59 PM: Database retry:[39m
2025-05-02 23:38:30:3830 [31merror[39m: [31mTrying unknown #1 at 11:38:30 PM: Database retry:[39m
2025-05-02 23:38:33:3833 [31merror[39m: [31mTypeError: generateCsrfToken is not a function: Error generating CSRF token:[39m
2025-05-02 23:38:36:3836 [31merror[39m: [31mTypeError: generateCsrfToken is not a function: Error generating CSRF token:[39m
2025-05-02 23:39:00:390 [31merror[39m: [31mTrying unknown #1 at 11:39:00 PM: Database retry:[39m
2025-05-02 23:39:30:3930 [31merror[39m: [31mTrying unknown #1 at 11:39:30 PM: Database retry:[39m
2025-05-02 23:40:00:400 [31merror[39m: [31mTrying unknown #1 at 11:40:00 PM: Database retry:[39m
2025-05-02 23:40:28:4028 [31merror[39m: [31mTrying unknown #1 at 11:40:28 PM: Database retry:[39m
2025-05-02 23:40:28:4028 [31merror[39m: [31mError: ConnectionManager.getConnection was called after the connection manager was closed!: Database retry:[39m
2025-05-02 23:40:28:4028 [31merror[39m: [31mError: ConnectionManager.getConnection was called after the connection manager was closed!: Unable to connect to the database:[39m
2025-05-02 23:40:28:4028 [31merror[39m: [31mTrying unknown #1 at 11:40:28 PM: Database retry:[39m
2025-05-02 23:40:28:4028 [31merror[39m: [31mError: ConnectionManager.getConnection was called after the connection manager was closed!: Database retry:[39m
2025-05-02 23:40:28:4028 [31merror[39m: [31mError: ConnectionManager.getConnection was called after the connection manager was closed!: Unable to connect to the database:[39m
2025-05-02 23:40:29:4029 [31merror[39m: [31mTrying unknown #1 at 11:40:29 PM: Database retry:[39m
2025-05-02 23:40:29:4029 [31merror[39m: [31mError: ConnectionManager.getConnection was called after the connection manager was closed!: Database retry:[39m
2025-05-02 23:40:29:4029 [31merror[39m: [31mError: ConnectionManager.getConnection was called after the connection manager was closed!: Unable to connect to the database:[39m
2025-05-02 23:40:29:4029 [31merror[39m: [31mTrying unknown #1 at 11:40:29 PM: Database retry:[39m
2025-05-02 23:40:29:4029 [31merror[39m: [31mError: ConnectionManager.getConnection was called after the connection manager was closed!: Database retry:[39m
2025-05-02 23:40:29:4029 [31merror[39m: [31mError: ConnectionManager.getConnection was called after the connection manager was closed!: Unable to connect to the database:[39m
2025-05-02 23:40:29:4029 [31merror[39m: [31mTrying unknown #1 at 11:40:29 PM: Database retry:[39m
2025-05-02 23:41:08:418 [31merror[39m: [31mTrying unknown #1 at 11:41:08 PM: Database retry:[39m
2025-05-02 23:41:37:4137 [31merror[39m: [31mTypeError: generateCsrfToken is not a function: Error generating CSRF token:[39m
2025-05-02 23:41:39:4139 [31merror[39m: [31mTrying unknown #1 at 11:41:39 PM: Database retry:[39m
2025-06-01 18:21:12:2112 [31merror[39m: [31mTrying unknown #1 at 6:21:12 PM: Database retry:[39m
2025-06-01 18:21:44:2144 [31merror[39m: [31mTrying unknown #1 at 6:21:44 PM: Database retry:[39m
2025-06-01 18:21:51:2151 [31merror[39m: [31mTrying unknown #1 at 6:21:51 PM: Database retry:[39m
